<?xml version="1.0" encoding="UTF-8"?>
<coverage generated="1489653359">
  <project timestamp="1489653359">
    <package name="Noondaysun\Dweetio">
      <file name="/home/feighen/workspace/dweetio/src/Dweetio.php">
        <class name="Dweetio_Client" namespace="Noondaysun\Dweetio" fullPackage="Dweetio" package="Dweetio">
          <metrics complexity="44" methods="24" coveredmethods="1" conditionals="0" coveredconditionals="0" statements="100" coveredstatements="25" elements="124" coveredelements="26"/>
        </class>
        <line num="80" type="method" name="__construct" visibility="public" complexity="6" crap="7.10" count="3"/>
        <line num="84" type="stmt" count="3"/>
        <line num="86" type="stmt" count="3"/>
        <line num="87" type="stmt" count="3"/>
        <line num="88" type="stmt" count="3"/>
        <line num="89" type="stmt" count="3"/>
        <line num="92" type="stmt" count="3"/>
        <line num="93" type="stmt" count="0"/>
        <line num="95" type="stmt" count="3"/>
        <line num="96" type="stmt" count="0"/>
        <line num="98" type="stmt" count="3"/>
        <line num="99" type="stmt" count="0"/>
        <line num="101" type="stmt" count="3"/>
        <line num="102" type="stmt" count="0"/>
        <line num="104" type="stmt" count="3"/>
        <line num="105" type="stmt" count="0"/>
        <line num="108" type="stmt" count="3"/>
        <line num="115" type="method" name="getBaseUri" visibility="public" complexity="1" crap="2" count="0"/>
        <line num="117" type="stmt" count="0"/>
        <line num="124" type="method" name="getClient" visibility="public" complexity="1" crap="2" count="0"/>
        <line num="126" type="stmt" count="0"/>
        <line num="133" type="method" name="getContent" visibility="public" complexity="1" crap="2" count="0"/>
        <line num="135" type="stmt" count="0"/>
        <line num="142" type="method" name="getQuietly" visibility="public" complexity="1" crap="2" count="0"/>
        <line num="144" type="stmt" count="0"/>
        <line num="151" type="method" name="getThing" visibility="public" complexity="1" crap="2" count="0"/>
        <line num="153" type="stmt" count="0"/>
        <line num="160" type="method" name="setBaseUri" visibility="public" complexity="1" crap="2" count="0"/>
        <line num="162" type="stmt" count="0"/>
        <line num="163" type="stmt" count="0"/>
        <line num="169" type="method" name="setClient" visibility="public" complexity="1" crap="2" count="0"/>
        <line num="171" type="stmt" count="0"/>
        <line num="172" type="stmt" count="0"/>
        <line num="178" type="method" name="setContent" visibility="public" complexity="1" crap="2" count="0"/>
        <line num="180" type="stmt" count="0"/>
        <line num="181" type="stmt" count="0"/>
        <line num="188" type="method" name="setQuietly" visibility="public" complexity="1" crap="2" count="0"/>
        <line num="190" type="stmt" count="0"/>
        <line num="191" type="stmt" count="0"/>
        <line num="197" type="method" name="setThing" visibility="public" complexity="1" crap="1" count="1"/>
        <line num="199" type="stmt" count="1"/>
        <line num="200" type="stmt" count="1"/>
        <line num="207" type="method" name="lock" visibility="public" complexity="4" crap="20" count="0"/>
        <line num="209" type="stmt" count="0"/>
        <line num="210" type="stmt" count="0"/>
        <line num="211" type="stmt" count="0"/>
        <line num="212" type="stmt" count="0"/>
        <line num="213" type="stmt" count="0"/>
        <line num="214" type="stmt" count="0"/>
        <line num="216" type="stmt" count="0"/>
        <line num="217" type="stmt" count="0"/>
        <line num="224" type="method" name="unlock" visibility="public" complexity="1" crap="2" count="0"/>
        <line num="226" type="stmt" count="0"/>
        <line num="227" type="stmt" count="0"/>
        <line num="234" type="method" name="removeLock" visibility="public" complexity="2" crap="6" count="0"/>
        <line num="236" type="stmt" count="0"/>
        <line num="237" type="stmt" count="0"/>
        <line num="238" type="stmt" count="0"/>
        <line num="246" type="method" name="dweetFor" visibility="public" complexity="3" crap="12" count="0"/>
        <line num="248" type="stmt" count="0"/>
        <line num="249" type="stmt" count="0"/>
        <line num="250" type="stmt" count="0"/>
        <line num="252" type="stmt" count="0"/>
        <line num="253" type="stmt" count="0"/>
        <line num="255" type="stmt" count="0"/>
        <line num="256" type="stmt" count="0"/>
        <line num="264" type="method" name="getLatestDweetFor" visibility="public" complexity="2" crap="2.06" count="1"/>
        <line num="266" type="stmt" count="1"/>
        <line num="267" type="stmt" count="1"/>
        <line num="268" type="stmt" count="0"/>
        <line num="270" type="stmt" count="1"/>
        <line num="277" type="method" name="getDweetsFor" visibility="public" complexity="2" crap="6" count="0"/>
        <line num="279" type="stmt" count="0"/>
        <line num="280" type="stmt" count="0"/>
        <line num="281" type="stmt" count="0"/>
        <line num="283" type="stmt" count="0"/>
        <line num="290" type="method" name="listenForDweetsFrom" visibility="public" complexity="1" crap="2" count="0"/>
        <line num="292" type="stmt" count="0"/>
        <line num="293" type="stmt" count="0"/>
        <line num="309" type="method" name="getStoredDweetsFor" visibility="public" complexity="2" crap="6" count="0"/>
        <line num="311" type="stmt" count="0"/>
        <line num="312" type="stmt" count="0"/>
        <line num="313" type="stmt" count="0"/>
        <line num="314" type="stmt" count="0"/>
        <line num="316" type="stmt" count="0"/>
        <line num="319" type="method" name="getStoredAlertsFor" visibility="public" complexity="1" crap="2" count="0"/>
        <line num="320" type="stmt" count="0"/>
        <line num="323" type="method" name="alert" visibility="public" complexity="1" crap="2" count="0"/>
        <line num="325" type="stmt" count="0"/>
        <line num="326" type="stmt" count="0"/>
        <line num="328" type="method" name="getAlertFor" visibility="public" complexity="1" crap="2" count="0"/>
        <line num="330" type="stmt" count="0"/>
        <line num="331" type="stmt" count="0"/>
        <line num="333" type="method" name="removeAlertFor" visibility="public" complexity="1" crap="2" count="0"/>
        <line num="335" type="stmt" count="0"/>
        <line num="336" type="stmt" count="0"/>
        <line num="347" type="method" name="doRequest" visibility="private" complexity="7" crap="21.52" count="1"/>
        <line num="350" type="stmt" count="1"/>
        <line num="351" type="stmt" count="1"/>
        <line num="352" type="stmt" count="1"/>
        <line num="353" type="stmt" count="1"/>
        <line num="354" type="stmt" count="1"/>
        <line num="355" type="stmt" count="1"/>
        <line num="356" type="stmt" count="1"/>
        <line num="357" type="stmt" count="1"/>
        <line num="358" type="stmt" count="1"/>
        <line num="359" type="stmt" count="0"/>
        <line num="360" type="stmt" count="0"/>
        <line num="361" type="stmt" count="0"/>
        <line num="362" type="stmt" count="0"/>
        <line num="363" type="stmt" count="0"/>
        <line num="364" type="stmt" count="0"/>
        <line num="366" type="stmt" count="0"/>
        <line num="368" type="stmt" count="0"/>
        <line num="369" type="stmt" count="0"/>
        <line num="370" type="stmt" count="0"/>
        <line num="371" type="stmt" count="0"/>
        <line num="372" type="stmt" count="0"/>
        <line num="374" type="stmt" count="0"/>
        <line num="375" type="stmt" count="0"/>
        <line num="376" type="stmt" count="0"/>
        <line num="377" type="stmt" count="0"/>
        <line num="378" type="stmt" count="0"/>
        <line num="379" type="stmt" count="0"/>
        <metrics loc="383" ncloc="193" classes="1" methods="24" coveredmethods="1" conditionals="0" coveredconditionals="0" statements="100" coveredstatements="25" elements="124" coveredelements="26"/>
      </file>
    </package>
    <metrics files="1" loc="383" ncloc="193" classes="1" methods="24" coveredmethods="1" conditionals="0" coveredconditionals="0" statements="100" coveredstatements="25" elements="124" coveredelements="26"/>
  </project>
</coverage>
